2022-06-24 17:28:55,248 [INFO] C:\Users\zenmy\PycharmProjects\pythonProject\Django-API\front\views.py changed, reloading.
2022-06-24 17:28:56,580 [INFO] List of workers : 
[
  {
    "id": 1,
    "url": "http://127.0.0.1:8000/api/workers/1/",
    "name": "Steven",
    "last_name": "King",
    "hire_date": "2022-02-13",
    "email": "Sking@gmail.com",
    "phone_number": 5151234567,
    "job": "System Administrator",
    "speciality": [
      "http://127.0.0.1:8000/api/speciality/1/",
      "http://127.0.0.1:8000/api/speciality/2/"
    ],
    "salary": 13000,
    "commission_pct": null,
    "manager_id": null,
    "department_id": null
  },
  {
    "id": 2,
    "url": "http://127.0.0.1:8000/api/workers/2/",
    "name": "ellie",
    "last_name": "hodayev",
    "hire_date": "2021-03-19",
    "email": "zenmyx@gmail.com",
    "phone_number": 502461700,
    "job": "DevOps",
    "speciality": [
      "http://127.0.0.1:8000/api/speciality/1/",
      "http://127.0.0.1:8000/api/speciality/4/",
      "http://127.0.0.1:8000/api/speciality/5/",
      "http://127.0.0.1:8000/api/speciality/8/",
      "http://127.0.0.1:8000/api/speciality/11/"
    ],
    "salary": 17000,
    "commission_pct": null,
    "manager_id": null,
    "department_id": null
  },
  {
    "id": 3,
    "url": "http://127.0.0.1:8000/api/workers/3/",
    "name": "Neena",
    "last_name": "Kochhar",
    "hire_date": "2020-02-21",
    "email": "Nkochhar@gmail.com",
    "phone_number": 5151234568,
    "job": "DevOps",
    "speciality": [
      "http://127.0.0.1:8000/api/speciality/8/"
    ],
    "salary": 17000,
    "commission_pct": null,
    "manager_id": null,
    "department_id": null
  },
  {
    "id": 4,
    "url": "http://127.0.0.1:8000/api/workers/4/",
    "name": "Lex",
    "last_name": "De Haan",
    "hire_date": "2022-04-19",
    "email": "Ldehaan@gmail.com",
    "phone_number": 5151234569,
    "job": "Front Desk Office Manager",
    "speciality": [
      "http://127.0.0.1:8000/api/speciality/9/",
      "http://127.0.0.1:8000/api/speciality/10/",
      "http://127.0.0.1:8000/api/speciality/11/"
    ],
    "salary": 6000,
    "commission_pct": null,
    "manager_id": null,
    "department_id": null
  },
  {
    "id": 5,
    "url": "http://127.0.0.1:8000/api/workers/5/",
    "name": "Alexander",
    "last_name": "Hunold",
    "hire_date": "2021-03-10",
    "email": "Ahunold@gmail.com",
    "phone_number": 5151234569,
    "job": "Software Engineer",
    "speciality": [
      "http://127.0.0.1:8000/api/speciality/1/",
      "http://127.0.0.1:8000/api/speciality/2/",
      "http://127.0.0.1:8000/api/speciality/3/"
    ],
    "salary": 9000,
    "commission_pct": null,
    "manager_id": null,
    "department_id": null
  },
  {
    "id": 6,
    "url": "http://127.0.0.1:8000/api/workers/6/",
    "name": "Roy",
    "last_name": "Hamen",
    "hire_date": "2022-04-19",
    "email": "RAMEN@gmail.com",
    "phone_number": 5151234576,
    "job": "Software Engineer",
    "speciality": [
      "http://127.0.0.1:8000/api/speciality/1/",
      "http://127.0.0.1:8000/api/speciality/2/",
      "http://127.0.0.1:8000/api/speciality/3/"
    ],
    "salary": 5000,
    "commission_pct": null,
    "manager_id": null,
    "department_id": null
  },
  {
    "id": 7,
    "url": "http://127.0.0.1:8000/api/workers/7/",
    "name": "Inbal",
    "last_name": "Amor",
    "hire_date": "1996-07-17",
    "email": "Imor@gmail.com",
    "phone_number": 5151234575,
    "job": "CEO",
    "speciality": [
      "http://127.0.0.1:8000/api/speciality/11/"
    ],
    "salary": 24000,
    "commission_pct": null,
    "manager_id": null,
    "department_id": null
  },
  {
    "id": 8,
    "url": "http://127.0.0.1:8000/api/workers/8/",
    "name": "Daniel",
    "last_name": "Cohen",
    "hire_date": "2021-01-03",
    "email": "Dohen@gmail.com",
    "phone_number": 5151234574,
    "job": "Quality Assurance",
    "speciality": [
      "http://127.0.0.1:8000/api/speciality/7/"
    ],
    "salary": 5000,
    "commission_pct": null,
    "manager_id": null,
    "department_id": null
  },
  {
    "id": 9,
    "url": "http://127.0.0.1:8000/api/workers/9/",
    "name": "David",
    "last_name": "Austin",
    "hire_date": "2022-06-13",
    "email": "Baustin@gmail.com",
    "phone_number": 5151234574,
    "job": "Quality Assurance",
    "speciality": [
      "http://127.0.0.1:8000/api/speciality/7/"
    ],
    "salary": 4800,
    "commission_pct": null,
    "manager_id": null,
    "department_id": null
  },
  {
    "id": 10,
    "url": "http://127.0.0.1:8000/api/workers/10/",
    "name": "Bruce",
    "last_name": "Ernst",
    "hire_date": "2022-06-19",
    "email": "Bersnt@gmail.com",
    "phone_number": 5151234571,
    "job": "Site Reliability Engineering",
    "speciality": [
      "http://127.0.0.1:8000/api/speciality/4/",
      "http://127.0.0.1:8000/api/speciality/5/",
      "http://127.0.0.1:8000/api/speciality/6/"
    ],
    "salary": 9000,
    "commission_pct": null,
    "manager_id": null,
    "department_id": null
  }
]
2022-06-24 17:28:56,590 [INFO] Average worker salary is : 10980.0
2022-06-24 17:28:56,590 [INFO] Current date is - 2022-06-24
2022-06-24 17:28:56,590 [INFO] filtered workers : 
[
  {
    "id": 7,
    "url": "http://127.0.0.1:8000/api/workers/7/",
    "name": "Inbal",
    "last_name": "Amor",
    "hire_date": "1996-07-17",
    "email": "Imor@gmail.com",
    "phone_number": 5151234575,
    "job": "CEO",
    "speciality": [
      "http://127.0.0.1:8000/api/speciality/11/"
    ],
    "salary": 24000,
    "commission_pct": null,
    "manager_id": null,
    "department_id": null
  }
]
2022-06-24 17:28:56,594 [INFO] Saving to a text file.
2022-06-24 17:31:05,316 [INFO] C:\Users\zenmy\PycharmProjects\pythonProject\Django-API\front\views.py changed, reloading.
2022-06-24 21:54:16,734 [INFO] List of workers : 
[
  {
    "id": 1,
    "url": "http://127.0.0.1:8000/api/workers/1/",
    "name": "Steven",
    "last_name": "King",
    "hire_date": "2022-02-13",
    "email": "Sking@gmail.com",
    "phone_number": 5151234567,
    "job": "System Administrator",
    "speciality": [
      "http://127.0.0.1:8000/api/speciality/1/",
      "http://127.0.0.1:8000/api/speciality/2/"
    ],
    "salary": 13000,
    "commission_pct": null,
    "manager_id": null,
    "department_id": null
  },
  {
    "id": 2,
    "url": "http://127.0.0.1:8000/api/workers/2/",
    "name": "ellie",
    "last_name": "hodayev",
    "hire_date": "2021-03-19",
    "email": "zenmyx@gmail.com",
    "phone_number": 502461700,
    "job": "DevOps",
    "speciality": [
      "http://127.0.0.1:8000/api/speciality/1/",
      "http://127.0.0.1:8000/api/speciality/4/",
      "http://127.0.0.1:8000/api/speciality/5/",
      "http://127.0.0.1:8000/api/speciality/8/",
      "http://127.0.0.1:8000/api/speciality/11/"
    ],
    "salary": 17000,
    "commission_pct": null,
    "manager_id": null,
    "department_id": null
  },
  {
    "id": 3,
    "url": "http://127.0.0.1:8000/api/workers/3/",
    "name": "Neena",
    "last_name": "Kochhar",
    "hire_date": "2020-02-21",
    "email": "Nkochhar@gmail.com",
    "phone_number": 5151234568,
    "job": "DevOps",
    "speciality": [
      "http://127.0.0.1:8000/api/speciality/8/"
    ],
    "salary": 17000,
    "commission_pct": null,
    "manager_id": null,
    "department_id": null
  },
  {
    "id": 4,
    "url": "http://127.0.0.1:8000/api/workers/4/",
    "name": "Lex",
    "last_name": "De Haan",
    "hire_date": "2022-04-19",
    "email": "Ldehaan@gmail.com",
    "phone_number": 5151234569,
    "job": "Front Desk Office Manager",
    "speciality": [
      "http://127.0.0.1:8000/api/speciality/9/",
      "http://127.0.0.1:8000/api/speciality/10/",
      "http://127.0.0.1:8000/api/speciality/11/"
    ],
    "salary": 6000,
    "commission_pct": null,
    "manager_id": null,
    "department_id": null
  },
  {
    "id": 5,
    "url": "http://127.0.0.1:8000/api/workers/5/",
    "name": "Alexander",
    "last_name": "Hunold",
    "hire_date": "2021-03-10",
    "email": "Ahunold@gmail.com",
    "phone_number": 5151234569,
    "job": "Software Engineer",
    "speciality": [
      "http://127.0.0.1:8000/api/speciality/1/",
      "http://127.0.0.1:8000/api/speciality/2/",
      "http://127.0.0.1:8000/api/speciality/3/"
    ],
    "salary": 9000,
    "commission_pct": null,
    "manager_id": null,
    "department_id": null
  },
  {
    "id": 6,
    "url": "http://127.0.0.1:8000/api/workers/6/",
    "name": "Roy",
    "last_name": "Hamen",
    "hire_date": "2022-04-19",
    "email": "RAMEN@gmail.com",
    "phone_number": 5151234576,
    "job": "Software Engineer",
    "speciality": [
      "http://127.0.0.1:8000/api/speciality/1/",
      "http://127.0.0.1:8000/api/speciality/2/",
      "http://127.0.0.1:8000/api/speciality/3/"
    ],
    "salary": 5000,
    "commission_pct": null,
    "manager_id": null,
    "department_id": null
  },
  {
    "id": 7,
    "url": "http://127.0.0.1:8000/api/workers/7/",
    "name": "Inbal",
    "last_name": "Amor",
    "hire_date": "1996-07-17",
    "email": "Imor@gmail.com",
    "phone_number": 5151234575,
    "job": "CEO",
    "speciality": [
      "http://127.0.0.1:8000/api/speciality/11/"
    ],
    "salary": 24000,
    "commission_pct": null,
    "manager_id": null,
    "department_id": null
  },
  {
    "id": 8,
    "url": "http://127.0.0.1:8000/api/workers/8/",
    "name": "Daniel",
    "last_name": "Cohen",
    "hire_date": "2021-01-03",
    "email": "Dohen@gmail.com",
    "phone_number": 5151234574,
    "job": "Quality Assurance",
    "speciality": [
      "http://127.0.0.1:8000/api/speciality/7/"
    ],
    "salary": 5000,
    "commission_pct": null,
    "manager_id": null,
    "department_id": null
  },
  {
    "id": 9,
    "url": "http://127.0.0.1:8000/api/workers/9/",
    "name": "David",
    "last_name": "Austin",
    "hire_date": "2022-06-13",
    "email": "Baustin@gmail.com",
    "phone_number": 5151234574,
    "job": "Quality Assurance",
    "speciality": [
      "http://127.0.0.1:8000/api/speciality/7/"
    ],
    "salary": 4800,
    "commission_pct": null,
    "manager_id": null,
    "department_id": null
  },
  {
    "id": 10,
    "url": "http://127.0.0.1:8000/api/workers/10/",
    "name": "Bruce",
    "last_name": "Ernst",
    "hire_date": "2022-06-19",
    "email": "Bersnt@gmail.com",
    "phone_number": 5151234571,
    "job": "Site Reliability Engineering",
    "speciality": [
      "http://127.0.0.1:8000/api/speciality/4/",
      "http://127.0.0.1:8000/api/speciality/5/",
      "http://127.0.0.1:8000/api/speciality/6/"
    ],
    "salary": 9000,
    "commission_pct": null,
    "manager_id": null,
    "department_id": null
  }
]
2022-06-24 21:54:16,743 [INFO] Average worker salary is : 10980.0
2022-06-24 21:54:16,743 [INFO] Current date is - 2022-06-24
2022-06-24 21:54:16,744 [INFO] filtered workers : 
[
  {
    "id": 7,
    "url": "http://127.0.0.1:8000/api/workers/7/",
    "name": "Inbal",
    "last_name": "Amor",
    "hire_date": "1996-07-17",
    "email": "Imor@gmail.com",
    "phone_number": 5151234575,
    "job": "CEO",
    "speciality": [
      "http://127.0.0.1:8000/api/speciality/11/"
    ],
    "salary": 24000,
    "commission_pct": null,
    "manager_id": null,
    "department_id": null
  }
]
2022-06-24 21:54:16,746 [INFO] Saving to a text file.
2022-06-24 21:54:18,856 [INFO] List of workers : 
[
  {
    "id": 1,
    "url": "http://127.0.0.1:8000/api/workers/1/",
    "name": "Steven",
    "last_name": "King",
    "hire_date": "2022-02-13",
    "email": "Sking@gmail.com",
    "phone_number": 5151234567,
    "job": "System Administrator",
    "speciality": [
      "http://127.0.0.1:8000/api/speciality/1/",
      "http://127.0.0.1:8000/api/speciality/2/"
    ],
    "salary": 13000,
    "commission_pct": null,
    "manager_id": null,
    "department_id": null
  },
  {
    "id": 2,
    "url": "http://127.0.0.1:8000/api/workers/2/",
    "name": "ellie",
    "last_name": "hodayev",
    "hire_date": "2021-03-19",
    "email": "zenmyx@gmail.com",
    "phone_number": 502461700,
    "job": "DevOps",
    "speciality": [
      "http://127.0.0.1:8000/api/speciality/1/",
      "http://127.0.0.1:8000/api/speciality/4/",
      "http://127.0.0.1:8000/api/speciality/5/",
      "http://127.0.0.1:8000/api/speciality/8/",
      "http://127.0.0.1:8000/api/speciality/11/"
    ],
    "salary": 17000,
    "commission_pct": null,
    "manager_id": null,
    "department_id": null
  },
  {
    "id": 3,
    "url": "http://127.0.0.1:8000/api/workers/3/",
    "name": "Neena",
    "last_name": "Kochhar",
    "hire_date": "2020-02-21",
    "email": "Nkochhar@gmail.com",
    "phone_number": 5151234568,
    "job": "DevOps",
    "speciality": [
      "http://127.0.0.1:8000/api/speciality/8/"
    ],
    "salary": 17000,
    "commission_pct": null,
    "manager_id": null,
    "department_id": null
  },
  {
    "id": 4,
    "url": "http://127.0.0.1:8000/api/workers/4/",
    "name": "Lex",
    "last_name": "De Haan",
    "hire_date": "2022-04-19",
    "email": "Ldehaan@gmail.com",
    "phone_number": 5151234569,
    "job": "Front Desk Office Manager",
    "speciality": [
      "http://127.0.0.1:8000/api/speciality/9/",
      "http://127.0.0.1:8000/api/speciality/10/",
      "http://127.0.0.1:8000/api/speciality/11/"
    ],
    "salary": 6000,
    "commission_pct": null,
    "manager_id": null,
    "department_id": null
  },
  {
    "id": 5,
    "url": "http://127.0.0.1:8000/api/workers/5/",
    "name": "Alexander",
    "last_name": "Hunold",
    "hire_date": "2021-03-10",
    "email": "Ahunold@gmail.com",
    "phone_number": 5151234569,
    "job": "Software Engineer",
    "speciality": [
      "http://127.0.0.1:8000/api/speciality/1/",
      "http://127.0.0.1:8000/api/speciality/2/",
      "http://127.0.0.1:8000/api/speciality/3/"
    ],
    "salary": 9000,
    "commission_pct": null,
    "manager_id": null,
    "department_id": null
  },
  {
    "id": 6,
    "url": "http://127.0.0.1:8000/api/workers/6/",
    "name": "Roy",
    "last_name": "Hamen",
    "hire_date": "2022-04-19",
    "email": "RAMEN@gmail.com",
    "phone_number": 5151234576,
    "job": "Software Engineer",
    "speciality": [
      "http://127.0.0.1:8000/api/speciality/1/",
      "http://127.0.0.1:8000/api/speciality/2/",
      "http://127.0.0.1:8000/api/speciality/3/"
    ],
    "salary": 5000,
    "commission_pct": null,
    "manager_id": null,
    "department_id": null
  },
  {
    "id": 7,
    "url": "http://127.0.0.1:8000/api/workers/7/",
    "name": "Inbal",
    "last_name": "Amor",
    "hire_date": "1996-07-17",
    "email": "Imor@gmail.com",
    "phone_number": 5151234575,
    "job": "CEO",
    "speciality": [
      "http://127.0.0.1:8000/api/speciality/11/"
    ],
    "salary": 24000,
    "commission_pct": null,
    "manager_id": null,
    "department_id": null
  },
  {
    "id": 8,
    "url": "http://127.0.0.1:8000/api/workers/8/",
    "name": "Daniel",
    "last_name": "Cohen",
    "hire_date": "2021-01-03",
    "email": "Dohen@gmail.com",
    "phone_number": 5151234574,
    "job": "Quality Assurance",
    "speciality": [
      "http://127.0.0.1:8000/api/speciality/7/"
    ],
    "salary": 5000,
    "commission_pct": null,
    "manager_id": null,
    "department_id": null
  },
  {
    "id": 9,
    "url": "http://127.0.0.1:8000/api/workers/9/",
    "name": "David",
    "last_name": "Austin",
    "hire_date": "2022-06-13",
    "email": "Baustin@gmail.com",
    "phone_number": 5151234574,
    "job": "Quality Assurance",
    "speciality": [
      "http://127.0.0.1:8000/api/speciality/7/"
    ],
    "salary": 4800,
    "commission_pct": null,
    "manager_id": null,
    "department_id": null
  },
  {
    "id": 10,
    "url": "http://127.0.0.1:8000/api/workers/10/",
    "name": "Bruce",
    "last_name": "Ernst",
    "hire_date": "2022-06-19",
    "email": "Bersnt@gmail.com",
    "phone_number": 5151234571,
    "job": "Site Reliability Engineering",
    "speciality": [
      "http://127.0.0.1:8000/api/speciality/4/",
      "http://127.0.0.1:8000/api/speciality/5/",
      "http://127.0.0.1:8000/api/speciality/6/"
    ],
    "salary": 9000,
    "commission_pct": null,
    "manager_id": null,
    "department_id": null
  }
]
2022-06-24 21:54:18,865 [INFO] Average worker salary is : 10980.0
2022-06-24 21:54:18,865 [INFO] Current date is - 2022-06-24
2022-06-24 21:54:18,865 [INFO] filtered workers : 
[
  {
    "id": 7,
    "url": "http://127.0.0.1:8000/api/workers/7/",
    "name": "Inbal",
    "last_name": "Amor",
    "hire_date": "1996-07-17",
    "email": "Imor@gmail.com",
    "phone_number": 5151234575,
    "job": "CEO",
    "speciality": [
      "http://127.0.0.1:8000/api/speciality/11/"
    ],
    "salary": 24000,
    "commission_pct": null,
    "manager_id": null,
    "department_id": null
  }
]
2022-06-24 21:54:18,867 [INFO] Saving to a text file.
2022-06-24 21:54:28,679 [INFO] List of workers : 
[
  {
    "id": 1,
    "url": "http://127.0.0.1:8000/api/workers/1/",
    "name": "Steven",
    "last_name": "King",
    "hire_date": "2022-02-13",
    "email": "Sking@gmail.com",
    "phone_number": 5151234567,
    "job": "System Administrator",
    "speciality": [
      "http://127.0.0.1:8000/api/speciality/1/",
      "http://127.0.0.1:8000/api/speciality/2/"
    ],
    "salary": 13000,
    "commission_pct": null,
    "manager_id": null,
    "department_id": null
  },
  {
    "id": 2,
    "url": "http://127.0.0.1:8000/api/workers/2/",
    "name": "ellie",
    "last_name": "hodayev",
    "hire_date": "2021-03-19",
    "email": "zenmyx@gmail.com",
    "phone_number": 502461700,
    "job": "DevOps",
    "speciality": [
      "http://127.0.0.1:8000/api/speciality/1/",
      "http://127.0.0.1:8000/api/speciality/4/",
      "http://127.0.0.1:8000/api/speciality/5/",
      "http://127.0.0.1:8000/api/speciality/8/",
      "http://127.0.0.1:8000/api/speciality/11/"
    ],
    "salary": 17000,
    "commission_pct": null,
    "manager_id": null,
    "department_id": null
  },
  {
    "id": 3,
    "url": "http://127.0.0.1:8000/api/workers/3/",
    "name": "Neena",
    "last_name": "Kochhar",
    "hire_date": "2020-02-21",
    "email": "Nkochhar@gmail.com",
    "phone_number": 5151234568,
    "job": "DevOps",
    "speciality": [
      "http://127.0.0.1:8000/api/speciality/8/"
    ],
    "salary": 17000,
    "commission_pct": null,
    "manager_id": null,
    "department_id": null
  },
  {
    "id": 4,
    "url": "http://127.0.0.1:8000/api/workers/4/",
    "name": "Lex",
    "last_name": "De Haan",
    "hire_date": "2022-04-19",
    "email": "Ldehaan@gmail.com",
    "phone_number": 5151234569,
    "job": "Front Desk Office Manager",
    "speciality": [
      "http://127.0.0.1:8000/api/speciality/9/",
      "http://127.0.0.1:8000/api/speciality/10/",
      "http://127.0.0.1:8000/api/speciality/11/"
    ],
    "salary": 6000,
    "commission_pct": null,
    "manager_id": null,
    "department_id": null
  },
  {
    "id": 5,
    "url": "http://127.0.0.1:8000/api/workers/5/",
    "name": "Alexander",
    "last_name": "Hunold",
    "hire_date": "2021-03-10",
    "email": "Ahunold@gmail.com",
    "phone_number": 5151234569,
    "job": "Software Engineer",
    "speciality": [
      "http://127.0.0.1:8000/api/speciality/1/",
      "http://127.0.0.1:8000/api/speciality/2/",
      "http://127.0.0.1:8000/api/speciality/3/"
    ],
    "salary": 9000,
    "commission_pct": null,
    "manager_id": null,
    "department_id": null
  },
  {
    "id": 6,
    "url": "http://127.0.0.1:8000/api/workers/6/",
    "name": "Roy",
    "last_name": "Hamen",
    "hire_date": "2022-04-19",
    "email": "RAMEN@gmail.com",
    "phone_number": 5151234576,
    "job": "Software Engineer",
    "speciality": [
      "http://127.0.0.1:8000/api/speciality/1/",
      "http://127.0.0.1:8000/api/speciality/2/",
      "http://127.0.0.1:8000/api/speciality/3/"
    ],
    "salary": 5000,
    "commission_pct": null,
    "manager_id": null,
    "department_id": null
  },
  {
    "id": 7,
    "url": "http://127.0.0.1:8000/api/workers/7/",
    "name": "Inbal",
    "last_name": "Amor",
    "hire_date": "1996-07-17",
    "email": "Imor@gmail.com",
    "phone_number": 5151234575,
    "job": "CEO",
    "speciality": [
      "http://127.0.0.1:8000/api/speciality/11/"
    ],
    "salary": 24000,
    "commission_pct": null,
    "manager_id": null,
    "department_id": null
  },
  {
    "id": 8,
    "url": "http://127.0.0.1:8000/api/workers/8/",
    "name": "Daniel",
    "last_name": "Cohen",
    "hire_date": "2021-01-03",
    "email": "Dohen@gmail.com",
    "phone_number": 5151234574,
    "job": "Quality Assurance",
    "speciality": [
      "http://127.0.0.1:8000/api/speciality/7/"
    ],
    "salary": 5000,
    "commission_pct": null,
    "manager_id": null,
    "department_id": null
  },
  {
    "id": 9,
    "url": "http://127.0.0.1:8000/api/workers/9/",
    "name": "David",
    "last_name": "Austin",
    "hire_date": "2022-06-13",
    "email": "Baustin@gmail.com",
    "phone_number": 5151234574,
    "job": "Quality Assurance",
    "speciality": [
      "http://127.0.0.1:8000/api/speciality/7/"
    ],
    "salary": 4800,
    "commission_pct": null,
    "manager_id": null,
    "department_id": null
  },
  {
    "id": 10,
    "url": "http://127.0.0.1:8000/api/workers/10/",
    "name": "Bruce",
    "last_name": "Ernst",
    "hire_date": "2022-06-19",
    "email": "Bersnt@gmail.com",
    "phone_number": 5151234571,
    "job": "Site Reliability Engineering",
    "speciality": [
      "http://127.0.0.1:8000/api/speciality/4/",
      "http://127.0.0.1:8000/api/speciality/5/",
      "http://127.0.0.1:8000/api/speciality/6/"
    ],
    "salary": 9000,
    "commission_pct": null,
    "manager_id": null,
    "department_id": null
  }
]
2022-06-24 21:54:28,687 [INFO] Average worker salary is : 10980.0
2022-06-24 21:54:28,687 [INFO] Current date is - 2022-06-24
2022-06-24 21:54:28,688 [INFO] filtered workers : 
[
  {
    "id": 7,
    "url": "http://127.0.0.1:8000/api/workers/7/",
    "name": "Inbal",
    "last_name": "Amor",
    "hire_date": "1996-07-17",
    "email": "Imor@gmail.com",
    "phone_number": 5151234575,
    "job": "CEO",
    "speciality": [
      "http://127.0.0.1:8000/api/speciality/11/"
    ],
    "salary": 24000,
    "commission_pct": null,
    "manager_id": null,
    "department_id": null
  }
]
2022-06-24 21:54:28,689 [INFO] Saving to a text file.
2022-06-24 21:54:39,774 [INFO] List of workers : 
[
  {
    "id": 1,
    "url": "http://127.0.0.1:8000/api/workers/1/",
    "name": "Steven",
    "last_name": "King",
    "hire_date": "2022-02-13",
    "email": "Sking@gmail.com",
    "phone_number": 5151234567,
    "job": "System Administrator",
    "speciality": [
      "http://127.0.0.1:8000/api/speciality/1/",
      "http://127.0.0.1:8000/api/speciality/2/"
    ],
    "salary": 13000,
    "commission_pct": null,
    "manager_id": null,
    "department_id": null
  },
  {
    "id": 2,
    "url": "http://127.0.0.1:8000/api/workers/2/",
    "name": "ellie",
    "last_name": "hodayev",
    "hire_date": "2021-03-19",
    "email": "zenmyx@gmail.com",
    "phone_number": 502461700,
    "job": "DevOps",
    "speciality": [
      "http://127.0.0.1:8000/api/speciality/1/",
      "http://127.0.0.1:8000/api/speciality/4/",
      "http://127.0.0.1:8000/api/speciality/5/",
      "http://127.0.0.1:8000/api/speciality/8/",
      "http://127.0.0.1:8000/api/speciality/11/"
    ],
    "salary": 17000,
    "commission_pct": null,
    "manager_id": null,
    "department_id": null
  },
  {
    "id": 3,
    "url": "http://127.0.0.1:8000/api/workers/3/",
    "name": "Neena",
    "last_name": "Kochhar",
    "hire_date": "2020-02-21",
    "email": "Nkochhar@gmail.com",
    "phone_number": 5151234568,
    "job": "DevOps",
    "speciality": [
      "http://127.0.0.1:8000/api/speciality/8/"
    ],
    "salary": 17000,
    "commission_pct": null,
    "manager_id": null,
    "department_id": null
  },
  {
    "id": 4,
    "url": "http://127.0.0.1:8000/api/workers/4/",
    "name": "Lex",
    "last_name": "De Haan",
    "hire_date": "2022-04-19",
    "email": "Ldehaan@gmail.com",
    "phone_number": 5151234569,
    "job": "Front Desk Office Manager",
    "speciality": [
      "http://127.0.0.1:8000/api/speciality/9/",
      "http://127.0.0.1:8000/api/speciality/10/",
      "http://127.0.0.1:8000/api/speciality/11/"
    ],
    "salary": 6000,
    "commission_pct": null,
    "manager_id": null,
    "department_id": null
  },
  {
    "id": 5,
    "url": "http://127.0.0.1:8000/api/workers/5/",
    "name": "Alexander",
    "last_name": "Hunold",
    "hire_date": "2021-03-10",
    "email": "Ahunold@gmail.com",
    "phone_number": 5151234569,
    "job": "Software Engineer",
    "speciality": [
      "http://127.0.0.1:8000/api/speciality/1/",
      "http://127.0.0.1:8000/api/speciality/2/",
      "http://127.0.0.1:8000/api/speciality/3/"
    ],
    "salary": 9000,
    "commission_pct": null,
    "manager_id": null,
    "department_id": null
  },
  {
    "id": 6,
    "url": "http://127.0.0.1:8000/api/workers/6/",
    "name": "Roy",
    "last_name": "Hamen",
    "hire_date": "2022-04-19",
    "email": "RAMEN@gmail.com",
    "phone_number": 5151234576,
    "job": "Software Engineer",
    "speciality": [
      "http://127.0.0.1:8000/api/speciality/1/",
      "http://127.0.0.1:8000/api/speciality/2/",
      "http://127.0.0.1:8000/api/speciality/3/"
    ],
    "salary": 5000,
    "commission_pct": null,
    "manager_id": null,
    "department_id": null
  },
  {
    "id": 7,
    "url": "http://127.0.0.1:8000/api/workers/7/",
    "name": "Inbal",
    "last_name": "Amor",
    "hire_date": "1996-07-17",
    "email": "Imor@gmail.com",
    "phone_number": 5151234575,
    "job": "CEO",
    "speciality": [
      "http://127.0.0.1:8000/api/speciality/11/"
    ],
    "salary": 24000,
    "commission_pct": null,
    "manager_id": null,
    "department_id": null
  },
  {
    "id": 8,
    "url": "http://127.0.0.1:8000/api/workers/8/",
    "name": "Daniel",
    "last_name": "Cohen",
    "hire_date": "2021-01-03",
    "email": "Dohen@gmail.com",
    "phone_number": 5151234574,
    "job": "Quality Assurance",
    "speciality": [
      "http://127.0.0.1:8000/api/speciality/7/"
    ],
    "salary": 5000,
    "commission_pct": null,
    "manager_id": null,
    "department_id": null
  },
  {
    "id": 9,
    "url": "http://127.0.0.1:8000/api/workers/9/",
    "name": "David",
    "last_name": "Austin",
    "hire_date": "2022-06-13",
    "email": "Baustin@gmail.com",
    "phone_number": 5151234574,
    "job": "Quality Assurance",
    "speciality": [
      "http://127.0.0.1:8000/api/speciality/7/"
    ],
    "salary": 4800,
    "commission_pct": null,
    "manager_id": null,
    "department_id": null
  },
  {
    "id": 10,
    "url": "http://127.0.0.1:8000/api/workers/10/",
    "name": "Bruce",
    "last_name": "Ernst",
    "hire_date": "2022-06-19",
    "email": "Bersnt@gmail.com",
    "phone_number": 5151234571,
    "job": "Site Reliability Engineering",
    "speciality": [
      "http://127.0.0.1:8000/api/speciality/4/",
      "http://127.0.0.1:8000/api/speciality/5/",
      "http://127.0.0.1:8000/api/speciality/6/"
    ],
    "salary": 9000,
    "commission_pct": null,
    "manager_id": null,
    "department_id": null
  }
]
2022-06-24 21:54:39,783 [INFO] Average worker salary is : 10980.0
2022-06-24 21:54:39,783 [INFO] Current date is - 2022-06-24
2022-06-24 21:54:39,784 [INFO] filtered workers : 
[
  {
    "id": 7,
    "url": "http://127.0.0.1:8000/api/workers/7/",
    "name": "Inbal",
    "last_name": "Amor",
    "hire_date": "1996-07-17",
    "email": "Imor@gmail.com",
    "phone_number": 5151234575,
    "job": "CEO",
    "speciality": [
      "http://127.0.0.1:8000/api/speciality/11/"
    ],
    "salary": 24000,
    "commission_pct": null,
    "manager_id": null,
    "department_id": null
  }
]
2022-06-24 21:54:39,785 [INFO] Saving to a text file.
2022-06-24 22:00:33,865 [INFO] List of workers : 
[
  {
    "id": 1,
    "url": "http://127.0.0.1:8000/api/workers/1/",
    "name": "Steven",
    "last_name": "King",
    "hire_date": "2022-02-13",
    "email": "Sking@gmail.com",
    "phone_number": 5151234567,
    "job": "System Administrator",
    "speciality": [
      "http://127.0.0.1:8000/api/speciality/1/",
      "http://127.0.0.1:8000/api/speciality/2/"
    ],
    "salary": 13000,
    "commission_pct": null,
    "manager_id": null,
    "department_id": null
  },
  {
    "id": 2,
    "url": "http://127.0.0.1:8000/api/workers/2/",
    "name": "ellie",
    "last_name": "hodayev",
    "hire_date": "2021-03-19",
    "email": "zenmyx@gmail.com",
    "phone_number": 502461700,
    "job": "DevOps",
    "speciality": [
      "http://127.0.0.1:8000/api/speciality/1/",
      "http://127.0.0.1:8000/api/speciality/4/",
      "http://127.0.0.1:8000/api/speciality/5/",
      "http://127.0.0.1:8000/api/speciality/8/",
      "http://127.0.0.1:8000/api/speciality/11/"
    ],
    "salary": 17000,
    "commission_pct": null,
    "manager_id": null,
    "department_id": null
  },
  {
    "id": 3,
    "url": "http://127.0.0.1:8000/api/workers/3/",
    "name": "Neena",
    "last_name": "Kochhar",
    "hire_date": "2020-02-21",
    "email": "Nkochhar@gmail.com",
    "phone_number": 5151234568,
    "job": "DevOps",
    "speciality": [
      "http://127.0.0.1:8000/api/speciality/8/"
    ],
    "salary": 17000,
    "commission_pct": null,
    "manager_id": null,
    "department_id": null
  },
  {
    "id": 4,
    "url": "http://127.0.0.1:8000/api/workers/4/",
    "name": "Lex",
    "last_name": "De Haan",
    "hire_date": "2022-04-19",
    "email": "Ldehaan@gmail.com",
    "phone_number": 5151234569,
    "job": "Front Desk Office Manager",
    "speciality": [
      "http://127.0.0.1:8000/api/speciality/9/",
      "http://127.0.0.1:8000/api/speciality/10/",
      "http://127.0.0.1:8000/api/speciality/11/"
    ],
    "salary": 6000,
    "commission_pct": null,
    "manager_id": null,
    "department_id": null
  },
  {
    "id": 5,
    "url": "http://127.0.0.1:8000/api/workers/5/",
    "name": "Alexander",
    "last_name": "Hunold",
    "hire_date": "2021-03-10",
    "email": "Ahunold@gmail.com",
    "phone_number": 5151234569,
    "job": "Software Engineer",
    "speciality": [
      "http://127.0.0.1:8000/api/speciality/1/",
      "http://127.0.0.1:8000/api/speciality/2/",
      "http://127.0.0.1:8000/api/speciality/3/"
    ],
    "salary": 9000,
    "commission_pct": null,
    "manager_id": null,
    "department_id": null
  },
  {
    "id": 6,
    "url": "http://127.0.0.1:8000/api/workers/6/",
    "name": "Roy",
    "last_name": "Hamen",
    "hire_date": "2022-04-19",
    "email": "RAMEN@gmail.com",
    "phone_number": 5151234576,
    "job": "Software Engineer",
    "speciality": [
      "http://127.0.0.1:8000/api/speciality/1/",
      "http://127.0.0.1:8000/api/speciality/2/",
      "http://127.0.0.1:8000/api/speciality/3/"
    ],
    "salary": 5000,
    "commission_pct": null,
    "manager_id": null,
    "department_id": null
  },
  {
    "id": 7,
    "url": "http://127.0.0.1:8000/api/workers/7/",
    "name": "Inbal",
    "last_name": "Amor",
    "hire_date": "1996-07-17",
    "email": "Imor@gmail.com",
    "phone_number": 5151234575,
    "job": "CEO",
    "speciality": [
      "http://127.0.0.1:8000/api/speciality/11/"
    ],
    "salary": 24000,
    "commission_pct": null,
    "manager_id": null,
    "department_id": null
  },
  {
    "id": 8,
    "url": "http://127.0.0.1:8000/api/workers/8/",
    "name": "Daniel",
    "last_name": "Cohen",
    "hire_date": "2021-01-03",
    "email": "Dohen@gmail.com",
    "phone_number": 5151234574,
    "job": "Quality Assurance",
    "speciality": [
      "http://127.0.0.1:8000/api/speciality/7/"
    ],
    "salary": 5000,
    "commission_pct": null,
    "manager_id": null,
    "department_id": null
  },
  {
    "id": 9,
    "url": "http://127.0.0.1:8000/api/workers/9/",
    "name": "David",
    "last_name": "Austin",
    "hire_date": "2022-06-13",
    "email": "Baustin@gmail.com",
    "phone_number": 5151234574,
    "job": "Quality Assurance",
    "speciality": [
      "http://127.0.0.1:8000/api/speciality/7/"
    ],
    "salary": 4800,
    "commission_pct": null,
    "manager_id": null,
    "department_id": null
  },
  {
    "id": 10,
    "url": "http://127.0.0.1:8000/api/workers/10/",
    "name": "Bruce",
    "last_name": "Ernst",
    "hire_date": "2022-06-19",
    "email": "Bersnt@gmail.com",
    "phone_number": 5151234571,
    "job": "Site Reliability Engineering",
    "speciality": [
      "http://127.0.0.1:8000/api/speciality/4/",
      "http://127.0.0.1:8000/api/speciality/5/",
      "http://127.0.0.1:8000/api/speciality/6/"
    ],
    "salary": 9000,
    "commission_pct": null,
    "manager_id": null,
    "department_id": null
  }
]
2022-06-24 22:00:33,878 [INFO] Average worker salary is : 10980.0
2022-06-24 22:00:33,879 [INFO] Current date is - 2022-06-24
2022-06-24 22:00:33,879 [INFO] filtered workers : 
[
  {
    "id": 7,
    "url": "http://127.0.0.1:8000/api/workers/7/",
    "name": "Inbal",
    "last_name": "Amor",
    "hire_date": "1996-07-17",
    "email": "Imor@gmail.com",
    "phone_number": 5151234575,
    "job": "CEO",
    "speciality": [
      "http://127.0.0.1:8000/api/speciality/11/"
    ],
    "salary": 24000,
    "commission_pct": null,
    "manager_id": null,
    "department_id": null
  }
]
2022-06-24 22:00:33,880 [INFO] Saving to a text file.
2022-06-24 22:02:34,970 [INFO] List of workers : 
[
  {
    "id": 1,
    "url": "http://127.0.0.1:8000/api/workers/1/",
    "name": "Steven",
    "last_name": "King",
    "hire_date": "2022-02-13",
    "email": "Sking@gmail.com",
    "phone_number": 5151234567,
    "job": "System Administrator",
    "speciality": [
      "http://127.0.0.1:8000/api/speciality/1/",
      "http://127.0.0.1:8000/api/speciality/2/"
    ],
    "salary": 13000,
    "commission_pct": null,
    "manager_id": null,
    "department_id": null
  },
  {
    "id": 2,
    "url": "http://127.0.0.1:8000/api/workers/2/",
    "name": "ellie",
    "last_name": "hodayev",
    "hire_date": "2021-03-19",
    "email": "zenmyx@gmail.com",
    "phone_number": 502461700,
    "job": "DevOps",
    "speciality": [
      "http://127.0.0.1:8000/api/speciality/1/",
      "http://127.0.0.1:8000/api/speciality/4/",
      "http://127.0.0.1:8000/api/speciality/5/",
      "http://127.0.0.1:8000/api/speciality/8/",
      "http://127.0.0.1:8000/api/speciality/11/"
    ],
    "salary": 17000,
    "commission_pct": null,
    "manager_id": null,
    "department_id": null
  },
  {
    "id": 3,
    "url": "http://127.0.0.1:8000/api/workers/3/",
    "name": "Neena",
    "last_name": "Kochhar",
    "hire_date": "2020-02-21",
    "email": "Nkochhar@gmail.com",
    "phone_number": 5151234568,
    "job": "DevOps",
    "speciality": [
      "http://127.0.0.1:8000/api/speciality/8/"
    ],
    "salary": 17000,
    "commission_pct": null,
    "manager_id": null,
    "department_id": null
  },
  {
    "id": 4,
    "url": "http://127.0.0.1:8000/api/workers/4/",
    "name": "Lex",
    "last_name": "De Haan",
    "hire_date": "2022-04-19",
    "email": "Ldehaan@gmail.com",
    "phone_number": 5151234569,
    "job": "Front Desk Office Manager",
    "speciality": [
      "http://127.0.0.1:8000/api/speciality/9/",
      "http://127.0.0.1:8000/api/speciality/10/",
      "http://127.0.0.1:8000/api/speciality/11/"
    ],
    "salary": 6000,
    "commission_pct": null,
    "manager_id": null,
    "department_id": null
  },
  {
    "id": 5,
    "url": "http://127.0.0.1:8000/api/workers/5/",
    "name": "Alexander",
    "last_name": "Hunold",
    "hire_date": "2021-03-10",
    "email": "Ahunold@gmail.com",
    "phone_number": 5151234569,
    "job": "Software Engineer",
    "speciality": [
      "http://127.0.0.1:8000/api/speciality/1/",
      "http://127.0.0.1:8000/api/speciality/2/",
      "http://127.0.0.1:8000/api/speciality/3/"
    ],
    "salary": 9000,
    "commission_pct": null,
    "manager_id": null,
    "department_id": null
  },
  {
    "id": 6,
    "url": "http://127.0.0.1:8000/api/workers/6/",
    "name": "Roy",
    "last_name": "Hamen",
    "hire_date": "2022-04-19",
    "email": "RAMEN@gmail.com",
    "phone_number": 5151234576,
    "job": "Software Engineer",
    "speciality": [
      "http://127.0.0.1:8000/api/speciality/1/",
      "http://127.0.0.1:8000/api/speciality/2/",
      "http://127.0.0.1:8000/api/speciality/3/"
    ],
    "salary": 5000,
    "commission_pct": null,
    "manager_id": null,
    "department_id": null
  },
  {
    "id": 7,
    "url": "http://127.0.0.1:8000/api/workers/7/",
    "name": "Inbal",
    "last_name": "Amor",
    "hire_date": "1996-07-17",
    "email": "Imor@gmail.com",
    "phone_number": 5151234575,
    "job": "CEO",
    "speciality": [
      "http://127.0.0.1:8000/api/speciality/11/"
    ],
    "salary": 24000,
    "commission_pct": null,
    "manager_id": null,
    "department_id": null
  },
  {
    "id": 8,
    "url": "http://127.0.0.1:8000/api/workers/8/",
    "name": "Daniel",
    "last_name": "Cohen",
    "hire_date": "2021-01-03",
    "email": "Dohen@gmail.com",
    "phone_number": 5151234574,
    "job": "Quality Assurance",
    "speciality": [
      "http://127.0.0.1:8000/api/speciality/7/"
    ],
    "salary": 5000,
    "commission_pct": null,
    "manager_id": null,
    "department_id": null
  },
  {
    "id": 9,
    "url": "http://127.0.0.1:8000/api/workers/9/",
    "name": "David",
    "last_name": "Austin",
    "hire_date": "2022-06-13",
    "email": "Baustin@gmail.com",
    "phone_number": 5151234574,
    "job": "Quality Assurance",
    "speciality": [
      "http://127.0.0.1:8000/api/speciality/7/"
    ],
    "salary": 4800,
    "commission_pct": null,
    "manager_id": null,
    "department_id": null
  },
  {
    "id": 10,
    "url": "http://127.0.0.1:8000/api/workers/10/",
    "name": "Bruce",
    "last_name": "Ernst",
    "hire_date": "2022-06-19",
    "email": "Bersnt@gmail.com",
    "phone_number": 5151234571,
    "job": "Site Reliability Engineering",
    "speciality": [
      "http://127.0.0.1:8000/api/speciality/4/",
      "http://127.0.0.1:8000/api/speciality/5/",
      "http://127.0.0.1:8000/api/speciality/6/"
    ],
    "salary": 9000,
    "commission_pct": null,
    "manager_id": null,
    "department_id": null
  }
]
2022-06-24 22:02:34,982 [INFO] Average worker salary is : 10980.0
2022-06-24 22:02:34,982 [INFO] Current date is - 2022-06-24
2022-06-24 22:02:34,983 [INFO] filtered workers : 
[
  {
    "id": 7,
    "url": "http://127.0.0.1:8000/api/workers/7/",
    "name": "Inbal",
    "last_name": "Amor",
    "hire_date": "1996-07-17",
    "email": "Imor@gmail.com",
    "phone_number": 5151234575,
    "job": "CEO",
    "speciality": [
      "http://127.0.0.1:8000/api/speciality/11/"
    ],
    "salary": 24000,
    "commission_pct": null,
    "manager_id": null,
    "department_id": null
  }
]
2022-06-24 22:02:34,984 [INFO] Saving to a text file.
2022-06-24 22:02:44,932 [INFO] List of workers : 
[
  {
    "id": 1,
    "url": "http://127.0.0.1:8000/api/workers/1/",
    "name": "Steven",
    "last_name": "King",
    "hire_date": "2022-02-13",
    "email": "Sking@gmail.com",
    "phone_number": 5151234567,
    "job": "System Administrator",
    "speciality": [
      "http://127.0.0.1:8000/api/speciality/1/",
      "http://127.0.0.1:8000/api/speciality/2/"
    ],
    "salary": 13000,
    "commission_pct": null,
    "manager_id": null,
    "department_id": null
  },
  {
    "id": 2,
    "url": "http://127.0.0.1:8000/api/workers/2/",
    "name": "ellie",
    "last_name": "hodayev",
    "hire_date": "2021-03-19",
    "email": "zenmyx@gmail.com",
    "phone_number": 502461700,
    "job": "DevOps",
    "speciality": [
      "http://127.0.0.1:8000/api/speciality/1/",
      "http://127.0.0.1:8000/api/speciality/4/",
      "http://127.0.0.1:8000/api/speciality/5/",
      "http://127.0.0.1:8000/api/speciality/8/",
      "http://127.0.0.1:8000/api/speciality/11/"
    ],
    "salary": 17000,
    "commission_pct": null,
    "manager_id": null,
    "department_id": null
  },
  {
    "id": 3,
    "url": "http://127.0.0.1:8000/api/workers/3/",
    "name": "Neena",
    "last_name": "Kochhar",
    "hire_date": "2020-02-21",
    "email": "Nkochhar@gmail.com",
    "phone_number": 5151234568,
    "job": "DevOps",
    "speciality": [
      "http://127.0.0.1:8000/api/speciality/8/"
    ],
    "salary": 17000,
    "commission_pct": null,
    "manager_id": null,
    "department_id": null
  },
  {
    "id": 4,
    "url": "http://127.0.0.1:8000/api/workers/4/",
    "name": "Lex",
    "last_name": "De Haan",
    "hire_date": "2022-04-19",
    "email": "Ldehaan@gmail.com",
    "phone_number": 5151234569,
    "job": "Front Desk Office Manager",
    "speciality": [
      "http://127.0.0.1:8000/api/speciality/9/",
      "http://127.0.0.1:8000/api/speciality/10/",
      "http://127.0.0.1:8000/api/speciality/11/"
    ],
    "salary": 6000,
    "commission_pct": null,
    "manager_id": null,
    "department_id": null
  },
  {
    "id": 5,
    "url": "http://127.0.0.1:8000/api/workers/5/",
    "name": "Alexander",
    "last_name": "Hunold",
    "hire_date": "2021-03-10",
    "email": "Ahunold@gmail.com",
    "phone_number": 5151234569,
    "job": "Software Engineer",
    "speciality": [
      "http://127.0.0.1:8000/api/speciality/1/",
      "http://127.0.0.1:8000/api/speciality/2/",
      "http://127.0.0.1:8000/api/speciality/3/"
    ],
    "salary": 9000,
    "commission_pct": null,
    "manager_id": null,
    "department_id": null
  },
  {
    "id": 6,
    "url": "http://127.0.0.1:8000/api/workers/6/",
    "name": "Roy",
    "last_name": "Hamen",
    "hire_date": "2022-04-19",
    "email": "RAMEN@gmail.com",
    "phone_number": 5151234576,
    "job": "Software Engineer",
    "speciality": [
      "http://127.0.0.1:8000/api/speciality/1/",
      "http://127.0.0.1:8000/api/speciality/2/",
      "http://127.0.0.1:8000/api/speciality/3/"
    ],
    "salary": 5000,
    "commission_pct": null,
    "manager_id": null,
    "department_id": null
  },
  {
    "id": 7,
    "url": "http://127.0.0.1:8000/api/workers/7/",
    "name": "Inbal",
    "last_name": "Amor",
    "hire_date": "1996-07-17",
    "email": "Imor@gmail.com",
    "phone_number": 5151234575,
    "job": "CEO",
    "speciality": [
      "http://127.0.0.1:8000/api/speciality/11/"
    ],
    "salary": 24000,
    "commission_pct": null,
    "manager_id": null,
    "department_id": null
  },
  {
    "id": 8,
    "url": "http://127.0.0.1:8000/api/workers/8/",
    "name": "Daniel",
    "last_name": "Cohen",
    "hire_date": "2021-01-03",
    "email": "Dohen@gmail.com",
    "phone_number": 5151234574,
    "job": "Quality Assurance",
    "speciality": [
      "http://127.0.0.1:8000/api/speciality/7/"
    ],
    "salary": 5000,
    "commission_pct": null,
    "manager_id": null,
    "department_id": null
  },
  {
    "id": 9,
    "url": "http://127.0.0.1:8000/api/workers/9/",
    "name": "David",
    "last_name": "Austin",
    "hire_date": "2022-06-13",
    "email": "Baustin@gmail.com",
    "phone_number": 5151234574,
    "job": "Quality Assurance",
    "speciality": [
      "http://127.0.0.1:8000/api/speciality/7/"
    ],
    "salary": 4800,
    "commission_pct": null,
    "manager_id": null,
    "department_id": null
  },
  {
    "id": 10,
    "url": "http://127.0.0.1:8000/api/workers/10/",
    "name": "Bruce",
    "last_name": "Ernst",
    "hire_date": "2022-06-19",
    "email": "Bersnt@gmail.com",
    "phone_number": 5151234571,
    "job": "Site Reliability Engineering",
    "speciality": [
      "http://127.0.0.1:8000/api/speciality/4/",
      "http://127.0.0.1:8000/api/speciality/5/",
      "http://127.0.0.1:8000/api/speciality/6/"
    ],
    "salary": 9000,
    "commission_pct": null,
    "manager_id": null,
    "department_id": null
  }
]
2022-06-24 22:02:44,941 [INFO] Average worker salary is : 10980.0
2022-06-24 22:02:44,941 [INFO] Current date is - 2022-06-24
2022-06-24 22:02:44,942 [INFO] filtered workers : 
[
  {
    "id": 7,
    "url": "http://127.0.0.1:8000/api/workers/7/",
    "name": "Inbal",
    "last_name": "Amor",
    "hire_date": "1996-07-17",
    "email": "Imor@gmail.com",
    "phone_number": 5151234575,
    "job": "CEO",
    "speciality": [
      "http://127.0.0.1:8000/api/speciality/11/"
    ],
    "salary": 24000,
    "commission_pct": null,
    "manager_id": null,
    "department_id": null
  }
]
2022-06-24 22:02:44,943 [INFO] Saving to a text file.
2022-06-24 22:03:15,820 [INFO] List of workers : 
[
  {
    "id": 1,
    "url": "http://127.0.0.1:8000/api/workers/1/",
    "name": "Steven",
    "last_name": "King",
    "hire_date": "2022-02-13",
    "email": "Sking@gmail.com",
    "phone_number": 5151234567,
    "job": "System Administrator",
    "speciality": [
      "http://127.0.0.1:8000/api/speciality/1/",
      "http://127.0.0.1:8000/api/speciality/2/"
    ],
    "salary": 13000,
    "commission_pct": null,
    "manager_id": null,
    "department_id": null
  },
  {
    "id": 2,
    "url": "http://127.0.0.1:8000/api/workers/2/",
    "name": "ellie",
    "last_name": "hodayev",
    "hire_date": "2021-03-19",
    "email": "zenmyx@gmail.com",
    "phone_number": 502461700,
    "job": "DevOps",
    "speciality": [
      "http://127.0.0.1:8000/api/speciality/1/",
      "http://127.0.0.1:8000/api/speciality/4/",
      "http://127.0.0.1:8000/api/speciality/5/",
      "http://127.0.0.1:8000/api/speciality/8/",
      "http://127.0.0.1:8000/api/speciality/11/"
    ],
    "salary": 17000,
    "commission_pct": null,
    "manager_id": null,
    "department_id": null
  },
  {
    "id": 3,
    "url": "http://127.0.0.1:8000/api/workers/3/",
    "name": "Neena",
    "last_name": "Kochhar",
    "hire_date": "2020-02-21",
    "email": "Nkochhar@gmail.com",
    "phone_number": 5151234568,
    "job": "DevOps",
    "speciality": [
      "http://127.0.0.1:8000/api/speciality/8/"
    ],
    "salary": 17000,
    "commission_pct": null,
    "manager_id": null,
    "department_id": null
  },
  {
    "id": 4,
    "url": "http://127.0.0.1:8000/api/workers/4/",
    "name": "Lex",
    "last_name": "De Haan",
    "hire_date": "2022-04-19",
    "email": "Ldehaan@gmail.com",
    "phone_number": 5151234569,
    "job": "Front Desk Office Manager",
    "speciality": [
      "http://127.0.0.1:8000/api/speciality/9/",
      "http://127.0.0.1:8000/api/speciality/10/",
      "http://127.0.0.1:8000/api/speciality/11/"
    ],
    "salary": 6000,
    "commission_pct": null,
    "manager_id": null,
    "department_id": null
  },
  {
    "id": 5,
    "url": "http://127.0.0.1:8000/api/workers/5/",
    "name": "Alexander",
    "last_name": "Hunold",
    "hire_date": "2021-03-10",
    "email": "Ahunold@gmail.com",
    "phone_number": 5151234569,
    "job": "Software Engineer",
    "speciality": [
      "http://127.0.0.1:8000/api/speciality/1/",
      "http://127.0.0.1:8000/api/speciality/2/",
      "http://127.0.0.1:8000/api/speciality/3/"
    ],
    "salary": 9000,
    "commission_pct": null,
    "manager_id": null,
    "department_id": null
  },
  {
    "id": 6,
    "url": "http://127.0.0.1:8000/api/workers/6/",
    "name": "Roy",
    "last_name": "Hamen",
    "hire_date": "2022-04-19",
    "email": "RAMEN@gmail.com",
    "phone_number": 5151234576,
    "job": "Software Engineer",
    "speciality": [
      "http://127.0.0.1:8000/api/speciality/1/",
      "http://127.0.0.1:8000/api/speciality/2/",
      "http://127.0.0.1:8000/api/speciality/3/"
    ],
    "salary": 5000,
    "commission_pct": null,
    "manager_id": null,
    "department_id": null
  },
  {
    "id": 7,
    "url": "http://127.0.0.1:8000/api/workers/7/",
    "name": "Inbal",
    "last_name": "Amor",
    "hire_date": "1996-07-17",
    "email": "Imor@gmail.com",
    "phone_number": 5151234575,
    "job": "CEO",
    "speciality": [
      "http://127.0.0.1:8000/api/speciality/11/"
    ],
    "salary": 24000,
    "commission_pct": null,
    "manager_id": null,
    "department_id": null
  },
  {
    "id": 8,
    "url": "http://127.0.0.1:8000/api/workers/8/",
    "name": "Daniel",
    "last_name": "Cohen",
    "hire_date": "2021-01-03",
    "email": "Dohen@gmail.com",
    "phone_number": 5151234574,
    "job": "Quality Assurance",
    "speciality": [
      "http://127.0.0.1:8000/api/speciality/7/"
    ],
    "salary": 5000,
    "commission_pct": null,
    "manager_id": null,
    "department_id": null
  },
  {
    "id": 9,
    "url": "http://127.0.0.1:8000/api/workers/9/",
    "name": "David",
    "last_name": "Austin",
    "hire_date": "2022-06-13",
    "email": "Baustin@gmail.com",
    "phone_number": 5151234574,
    "job": "Quality Assurance",
    "speciality": [
      "http://127.0.0.1:8000/api/speciality/7/"
    ],
    "salary": 4800,
    "commission_pct": null,
    "manager_id": null,
    "department_id": null
  },
  {
    "id": 10,
    "url": "http://127.0.0.1:8000/api/workers/10/",
    "name": "Bruce",
    "last_name": "Ernst",
    "hire_date": "2022-06-19",
    "email": "Bersnt@gmail.com",
    "phone_number": 5151234571,
    "job": "Site Reliability Engineering",
    "speciality": [
      "http://127.0.0.1:8000/api/speciality/4/",
      "http://127.0.0.1:8000/api/speciality/5/",
      "http://127.0.0.1:8000/api/speciality/6/"
    ],
    "salary": 9000,
    "commission_pct": null,
    "manager_id": null,
    "department_id": null
  }
]
2022-06-24 22:03:15,827 [INFO] Average worker salary is : 10980.0
2022-06-24 22:03:15,827 [INFO] Current date is - 2022-06-24
2022-06-24 22:03:15,828 [INFO] filtered workers : 
[
  {
    "id": 7,
    "url": "http://127.0.0.1:8000/api/workers/7/",
    "name": "Inbal",
    "last_name": "Amor",
    "hire_date": "1996-07-17",
    "email": "Imor@gmail.com",
    "phone_number": 5151234575,
    "job": "CEO",
    "speciality": [
      "http://127.0.0.1:8000/api/speciality/11/"
    ],
    "salary": 24000,
    "commission_pct": null,
    "manager_id": null,
    "department_id": null
  }
]
2022-06-24 22:03:15,829 [INFO] Saving to a text file.
2022-06-24 22:03:16,989 [INFO] List of workers : 
[
  {
    "id": 1,
    "url": "http://127.0.0.1:8000/api/workers/1/",
    "name": "Steven",
    "last_name": "King",
    "hire_date": "2022-02-13",
    "email": "Sking@gmail.com",
    "phone_number": 5151234567,
    "job": "System Administrator",
    "speciality": [
      "http://127.0.0.1:8000/api/speciality/1/",
      "http://127.0.0.1:8000/api/speciality/2/"
    ],
    "salary": 13000,
    "commission_pct": null,
    "manager_id": null,
    "department_id": null
  },
  {
    "id": 2,
    "url": "http://127.0.0.1:8000/api/workers/2/",
    "name": "ellie",
    "last_name": "hodayev",
    "hire_date": "2021-03-19",
    "email": "zenmyx@gmail.com",
    "phone_number": 502461700,
    "job": "DevOps",
    "speciality": [
      "http://127.0.0.1:8000/api/speciality/1/",
      "http://127.0.0.1:8000/api/speciality/4/",
      "http://127.0.0.1:8000/api/speciality/5/",
      "http://127.0.0.1:8000/api/speciality/8/",
      "http://127.0.0.1:8000/api/speciality/11/"
    ],
    "salary": 17000,
    "commission_pct": null,
    "manager_id": null,
    "department_id": null
  },
  {
    "id": 3,
    "url": "http://127.0.0.1:8000/api/workers/3/",
    "name": "Neena",
    "last_name": "Kochhar",
    "hire_date": "2020-02-21",
    "email": "Nkochhar@gmail.com",
    "phone_number": 5151234568,
    "job": "DevOps",
    "speciality": [
      "http://127.0.0.1:8000/api/speciality/8/"
    ],
    "salary": 17000,
    "commission_pct": null,
    "manager_id": null,
    "department_id": null
  },
  {
    "id": 4,
    "url": "http://127.0.0.1:8000/api/workers/4/",
    "name": "Lex",
    "last_name": "De Haan",
    "hire_date": "2022-04-19",
    "email": "Ldehaan@gmail.com",
    "phone_number": 5151234569,
    "job": "Front Desk Office Manager",
    "speciality": [
      "http://127.0.0.1:8000/api/speciality/9/",
      "http://127.0.0.1:8000/api/speciality/10/",
      "http://127.0.0.1:8000/api/speciality/11/"
    ],
    "salary": 6000,
    "commission_pct": null,
    "manager_id": null,
    "department_id": null
  },
  {
    "id": 5,
    "url": "http://127.0.0.1:8000/api/workers/5/",
    "name": "Alexander",
    "last_name": "Hunold",
    "hire_date": "2021-03-10",
    "email": "Ahunold@gmail.com",
    "phone_number": 5151234569,
    "job": "Software Engineer",
    "speciality": [
      "http://127.0.0.1:8000/api/speciality/1/",
      "http://127.0.0.1:8000/api/speciality/2/",
      "http://127.0.0.1:8000/api/speciality/3/"
    ],
    "salary": 9000,
    "commission_pct": null,
    "manager_id": null,
    "department_id": null
  },
  {
    "id": 6,
    "url": "http://127.0.0.1:8000/api/workers/6/",
    "name": "Roy",
    "last_name": "Hamen",
    "hire_date": "2022-04-19",
    "email": "RAMEN@gmail.com",
    "phone_number": 5151234576,
    "job": "Software Engineer",
    "speciality": [
      "http://127.0.0.1:8000/api/speciality/1/",
      "http://127.0.0.1:8000/api/speciality/2/",
      "http://127.0.0.1:8000/api/speciality/3/"
    ],
    "salary": 5000,
    "commission_pct": null,
    "manager_id": null,
    "department_id": null
  },
  {
    "id": 7,
    "url": "http://127.0.0.1:8000/api/workers/7/",
    "name": "Inbal",
    "last_name": "Amor",
    "hire_date": "1996-07-17",
    "email": "Imor@gmail.com",
    "phone_number": 5151234575,
    "job": "CEO",
    "speciality": [
      "http://127.0.0.1:8000/api/speciality/11/"
    ],
    "salary": 24000,
    "commission_pct": null,
    "manager_id": null,
    "department_id": null
  },
  {
    "id": 8,
    "url": "http://127.0.0.1:8000/api/workers/8/",
    "name": "Daniel",
    "last_name": "Cohen",
    "hire_date": "2021-01-03",
    "email": "Dohen@gmail.com",
    "phone_number": 5151234574,
    "job": "Quality Assurance",
    "speciality": [
      "http://127.0.0.1:8000/api/speciality/7/"
    ],
    "salary": 5000,
    "commission_pct": null,
    "manager_id": null,
    "department_id": null
  },
  {
    "id": 9,
    "url": "http://127.0.0.1:8000/api/workers/9/",
    "name": "David",
    "last_name": "Austin",
    "hire_date": "2022-06-13",
    "email": "Baustin@gmail.com",
    "phone_number": 5151234574,
    "job": "Quality Assurance",
    "speciality": [
      "http://127.0.0.1:8000/api/speciality/7/"
    ],
    "salary": 4800,
    "commission_pct": null,
    "manager_id": null,
    "department_id": null
  },
  {
    "id": 10,
    "url": "http://127.0.0.1:8000/api/workers/10/",
    "name": "Bruce",
    "last_name": "Ernst",
    "hire_date": "2022-06-19",
    "email": "Bersnt@gmail.com",
    "phone_number": 5151234571,
    "job": "Site Reliability Engineering",
    "speciality": [
      "http://127.0.0.1:8000/api/speciality/4/",
      "http://127.0.0.1:8000/api/speciality/5/",
      "http://127.0.0.1:8000/api/speciality/6/"
    ],
    "salary": 9000,
    "commission_pct": null,
    "manager_id": null,
    "department_id": null
  }
]
2022-06-24 22:03:17,002 [INFO] Average worker salary is : 10980.0
2022-06-24 22:03:17,003 [INFO] Current date is - 2022-06-24
2022-06-24 22:03:17,004 [INFO] filtered workers : 
[
  {
    "id": 7,
    "url": "http://127.0.0.1:8000/api/workers/7/",
    "name": "Inbal",
    "last_name": "Amor",
    "hire_date": "1996-07-17",
    "email": "Imor@gmail.com",
    "phone_number": 5151234575,
    "job": "CEO",
    "speciality": [
      "http://127.0.0.1:8000/api/speciality/11/"
    ],
    "salary": 24000,
    "commission_pct": null,
    "manager_id": null,
    "department_id": null
  }
]
2022-06-24 22:03:17,005 [INFO] Saving to a text file.
2022-06-24 22:03:32,717 [INFO] List of workers : 
[
  {
    "id": 1,
    "url": "http://127.0.0.1:8000/api/workers/1/",
    "name": "Steven",
    "last_name": "King",
    "hire_date": "2022-02-13",
    "email": "Sking@gmail.com",
    "phone_number": 5151234567,
    "job": "System Administrator",
    "speciality": [
      "http://127.0.0.1:8000/api/speciality/1/",
      "http://127.0.0.1:8000/api/speciality/2/"
    ],
    "salary": 13000,
    "commission_pct": null,
    "manager_id": null,
    "department_id": null
  },
  {
    "id": 2,
    "url": "http://127.0.0.1:8000/api/workers/2/",
    "name": "ellie",
    "last_name": "hodayev",
    "hire_date": "2021-03-19",
    "email": "zenmyx@gmail.com",
    "phone_number": 502461700,
    "job": "DevOps",
    "speciality": [
      "http://127.0.0.1:8000/api/speciality/1/",
      "http://127.0.0.1:8000/api/speciality/4/",
      "http://127.0.0.1:8000/api/speciality/5/",
      "http://127.0.0.1:8000/api/speciality/8/",
      "http://127.0.0.1:8000/api/speciality/11/"
    ],
    "salary": 17000,
    "commission_pct": null,
    "manager_id": null,
    "department_id": null
  },
  {
    "id": 3,
    "url": "http://127.0.0.1:8000/api/workers/3/",
    "name": "Neena",
    "last_name": "Kochhar",
    "hire_date": "2020-02-21",
    "email": "Nkochhar@gmail.com",
    "phone_number": 5151234568,
    "job": "DevOps",
    "speciality": [
      "http://127.0.0.1:8000/api/speciality/8/"
    ],
    "salary": 17000,
    "commission_pct": null,
    "manager_id": null,
    "department_id": null
  },
  {
    "id": 4,
    "url": "http://127.0.0.1:8000/api/workers/4/",
    "name": "Lex",
    "last_name": "De Haan",
    "hire_date": "2022-04-19",
    "email": "Ldehaan@gmail.com",
    "phone_number": 5151234569,
    "job": "Front Desk Office Manager",
    "speciality": [
      "http://127.0.0.1:8000/api/speciality/9/",
      "http://127.0.0.1:8000/api/speciality/10/",
      "http://127.0.0.1:8000/api/speciality/11/"
    ],
    "salary": 6000,
    "commission_pct": null,
    "manager_id": null,
    "department_id": null
  },
  {
    "id": 5,
    "url": "http://127.0.0.1:8000/api/workers/5/",
    "name": "Alexander",
    "last_name": "Hunold",
    "hire_date": "2021-03-10",
    "email": "Ahunold@gmail.com",
    "phone_number": 5151234569,
    "job": "Software Engineer",
    "speciality": [
      "http://127.0.0.1:8000/api/speciality/1/",
      "http://127.0.0.1:8000/api/speciality/2/",
      "http://127.0.0.1:8000/api/speciality/3/"
    ],
    "salary": 9000,
    "commission_pct": null,
    "manager_id": null,
    "department_id": null
  },
  {
    "id": 6,
    "url": "http://127.0.0.1:8000/api/workers/6/",
    "name": "Roy",
    "last_name": "Hamen",
    "hire_date": "2022-04-19",
    "email": "RAMEN@gmail.com",
    "phone_number": 5151234576,
    "job": "Software Engineer",
    "speciality": [
      "http://127.0.0.1:8000/api/speciality/1/",
      "http://127.0.0.1:8000/api/speciality/2/",
      "http://127.0.0.1:8000/api/speciality/3/"
    ],
    "salary": 5000,
    "commission_pct": null,
    "manager_id": null,
    "department_id": null
  },
  {
    "id": 7,
    "url": "http://127.0.0.1:8000/api/workers/7/",
    "name": "Inbal",
    "last_name": "Amor",
    "hire_date": "1996-07-17",
    "email": "Imor@gmail.com",
    "phone_number": 5151234575,
    "job": "CEO",
    "speciality": [
      "http://127.0.0.1:8000/api/speciality/11/"
    ],
    "salary": 24000,
    "commission_pct": null,
    "manager_id": null,
    "department_id": null
  },
  {
    "id": 8,
    "url": "http://127.0.0.1:8000/api/workers/8/",
    "name": "Daniel",
    "last_name": "Cohen",
    "hire_date": "2021-01-03",
    "email": "Dohen@gmail.com",
    "phone_number": 5151234574,
    "job": "Quality Assurance",
    "speciality": [
      "http://127.0.0.1:8000/api/speciality/7/"
    ],
    "salary": 5000,
    "commission_pct": null,
    "manager_id": null,
    "department_id": null
  },
  {
    "id": 9,
    "url": "http://127.0.0.1:8000/api/workers/9/",
    "name": "David",
    "last_name": "Austin",
    "hire_date": "2022-06-13",
    "email": "Baustin@gmail.com",
    "phone_number": 5151234574,
    "job": "Quality Assurance",
    "speciality": [
      "http://127.0.0.1:8000/api/speciality/7/"
    ],
    "salary": 4800,
    "commission_pct": null,
    "manager_id": null,
    "department_id": null
  },
  {
    "id": 10,
    "url": "http://127.0.0.1:8000/api/workers/10/",
    "name": "Bruce",
    "last_name": "Ernst",
    "hire_date": "2022-06-19",
    "email": "Bersnt@gmail.com",
    "phone_number": 5151234571,
    "job": "Site Reliability Engineering",
    "speciality": [
      "http://127.0.0.1:8000/api/speciality/4/",
      "http://127.0.0.1:8000/api/speciality/5/",
      "http://127.0.0.1:8000/api/speciality/6/"
    ],
    "salary": 9000,
    "commission_pct": null,
    "manager_id": null,
    "department_id": null
  }
]
2022-06-24 22:03:32,725 [INFO] Average worker salary is : 10980.0
2022-06-24 22:03:32,725 [INFO] Current date is - 2022-06-24
2022-06-24 22:03:32,725 [INFO] filtered workers : 
[
  {
    "id": 7,
    "url": "http://127.0.0.1:8000/api/workers/7/",
    "name": "Inbal",
    "last_name": "Amor",
    "hire_date": "1996-07-17",
    "email": "Imor@gmail.com",
    "phone_number": 5151234575,
    "job": "CEO",
    "speciality": [
      "http://127.0.0.1:8000/api/speciality/11/"
    ],
    "salary": 24000,
    "commission_pct": null,
    "manager_id": null,
    "department_id": null
  }
]
2022-06-24 22:03:32,727 [INFO] Saving to a text file.
2022-06-24 22:04:26,530 [INFO] List of workers : 
[
  {
    "id": 1,
    "url": "http://127.0.0.1:8000/api/workers/1/",
    "name": "Steven",
    "last_name": "King",
    "hire_date": "2022-02-13",
    "email": "Sking@gmail.com",
    "phone_number": 5151234567,
    "job": "System Administrator",
    "speciality": [
      "http://127.0.0.1:8000/api/speciality/1/",
      "http://127.0.0.1:8000/api/speciality/2/"
    ],
    "salary": 13000,
    "commission_pct": null,
    "manager_id": null,
    "department_id": null
  },
  {
    "id": 2,
    "url": "http://127.0.0.1:8000/api/workers/2/",
    "name": "ellie",
    "last_name": "hodayev",
    "hire_date": "2021-03-19",
    "email": "zenmyx@gmail.com",
    "phone_number": 502461700,
    "job": "DevOps",
    "speciality": [
      "http://127.0.0.1:8000/api/speciality/1/",
      "http://127.0.0.1:8000/api/speciality/4/",
      "http://127.0.0.1:8000/api/speciality/5/",
      "http://127.0.0.1:8000/api/speciality/8/",
      "http://127.0.0.1:8000/api/speciality/11/"
    ],
    "salary": 17000,
    "commission_pct": null,
    "manager_id": null,
    "department_id": null
  },
  {
    "id": 3,
    "url": "http://127.0.0.1:8000/api/workers/3/",
    "name": "Neena",
    "last_name": "Kochhar",
    "hire_date": "2020-02-21",
    "email": "Nkochhar@gmail.com",
    "phone_number": 5151234568,
    "job": "DevOps",
    "speciality": [
      "http://127.0.0.1:8000/api/speciality/8/"
    ],
    "salary": 17000,
    "commission_pct": null,
    "manager_id": null,
    "department_id": null
  },
  {
    "id": 4,
    "url": "http://127.0.0.1:8000/api/workers/4/",
    "name": "Lex",
    "last_name": "De Haan",
    "hire_date": "2022-04-19",
    "email": "Ldehaan@gmail.com",
    "phone_number": 5151234569,
    "job": "Front Desk Office Manager",
    "speciality": [
      "http://127.0.0.1:8000/api/speciality/9/",
      "http://127.0.0.1:8000/api/speciality/10/",
      "http://127.0.0.1:8000/api/speciality/11/"
    ],
    "salary": 6000,
    "commission_pct": null,
    "manager_id": null,
    "department_id": null
  },
  {
    "id": 5,
    "url": "http://127.0.0.1:8000/api/workers/5/",
    "name": "Alexander",
    "last_name": "Hunold",
    "hire_date": "2021-03-10",
    "email": "Ahunold@gmail.com",
    "phone_number": 5151234569,
    "job": "Software Engineer",
    "speciality": [
      "http://127.0.0.1:8000/api/speciality/1/",
      "http://127.0.0.1:8000/api/speciality/2/",
      "http://127.0.0.1:8000/api/speciality/3/"
    ],
    "salary": 9000,
    "commission_pct": null,
    "manager_id": null,
    "department_id": null
  },
  {
    "id": 6,
    "url": "http://127.0.0.1:8000/api/workers/6/",
    "name": "Roy",
    "last_name": "Hamen",
    "hire_date": "2022-04-19",
    "email": "RAMEN@gmail.com",
    "phone_number": 5151234576,
    "job": "Software Engineer",
    "speciality": [
      "http://127.0.0.1:8000/api/speciality/1/",
      "http://127.0.0.1:8000/api/speciality/2/",
      "http://127.0.0.1:8000/api/speciality/3/"
    ],
    "salary": 5000,
    "commission_pct": null,
    "manager_id": null,
    "department_id": null
  },
  {
    "id": 7,
    "url": "http://127.0.0.1:8000/api/workers/7/",
    "name": "Inbal",
    "last_name": "Amor",
    "hire_date": "1996-07-17",
    "email": "Imor@gmail.com",
    "phone_number": 5151234575,
    "job": "CEO",
    "speciality": [
      "http://127.0.0.1:8000/api/speciality/11/"
    ],
    "salary": 24000,
    "commission_pct": null,
    "manager_id": null,
    "department_id": null
  },
  {
    "id": 8,
    "url": "http://127.0.0.1:8000/api/workers/8/",
    "name": "Daniel",
    "last_name": "Cohen",
    "hire_date": "2021-01-03",
    "email": "Dohen@gmail.com",
    "phone_number": 5151234574,
    "job": "Quality Assurance",
    "speciality": [
      "http://127.0.0.1:8000/api/speciality/7/"
    ],
    "salary": 5000,
    "commission_pct": null,
    "manager_id": null,
    "department_id": null
  },
  {
    "id": 9,
    "url": "http://127.0.0.1:8000/api/workers/9/",
    "name": "David",
    "last_name": "Austin",
    "hire_date": "2022-06-13",
    "email": "Baustin@gmail.com",
    "phone_number": 5151234574,
    "job": "Quality Assurance",
    "speciality": [
      "http://127.0.0.1:8000/api/speciality/7/"
    ],
    "salary": 4800,
    "commission_pct": null,
    "manager_id": null,
    "department_id": null
  },
  {
    "id": 10,
    "url": "http://127.0.0.1:8000/api/workers/10/",
    "name": "Bruce",
    "last_name": "Ernst",
    "hire_date": "2022-06-19",
    "email": "Bersnt@gmail.com",
    "phone_number": 5151234571,
    "job": "Site Reliability Engineering",
    "speciality": [
      "http://127.0.0.1:8000/api/speciality/4/",
      "http://127.0.0.1:8000/api/speciality/5/",
      "http://127.0.0.1:8000/api/speciality/6/"
    ],
    "salary": 9000,
    "commission_pct": null,
    "manager_id": null,
    "department_id": null
  }
]
2022-06-24 22:04:26,540 [INFO] Average worker salary is : 10980.0
2022-06-24 22:04:26,541 [INFO] Current date is - 2022-06-24
2022-06-24 22:04:26,541 [INFO] filtered workers : 
[
  {
    "id": 7,
    "url": "http://127.0.0.1:8000/api/workers/7/",
    "name": "Inbal",
    "last_name": "Amor",
    "hire_date": "1996-07-17",
    "email": "Imor@gmail.com",
    "phone_number": 5151234575,
    "job": "CEO",
    "speciality": [
      "http://127.0.0.1:8000/api/speciality/11/"
    ],
    "salary": 24000,
    "commission_pct": null,
    "manager_id": null,
    "department_id": null
  }
]
2022-06-24 22:04:26,542 [INFO] Saving to a text file.
2022-06-24 22:04:26,668 [INFO] C:\Users\zenmy\PycharmProjects\pythonProject\Django-API\front\views.py changed, reloading.
